Determining if the pthread_create exist failed with the following output:
Change Dir: /home/lucas/Documents/Semester project/HairSimulation/applet/cmake-build-debug/CMakeFiles/CMakeTmp

Run Build Command(s):/usr/bin/make cmTC_e0692/fast 
/usr/bin/make -f CMakeFiles/cmTC_e0692.dir/build.make CMakeFiles/cmTC_e0692.dir/build
make[1]: Entering directory '/home/lucas/Documents/Semester project/HairSimulation/applet/cmake-build-debug/CMakeFiles/CMakeTmp'
Building C object CMakeFiles/cmTC_e0692.dir/CheckSymbolExists.c.o
/usr/bin/cc    -o CMakeFiles/cmTC_e0692.dir/CheckSymbolExists.c.o   -c "/home/lucas/Documents/Semester project/HairSimulation/applet/cmake-build-debug/CMakeFiles/CMakeTmp/CheckSymbolExists.c"
Linking C executable cmTC_e0692
/home/lucas/.local/share/JetBrains/Toolbox/apps/CLion/ch-0/192.6603.37/bin/cmake/linux/bin/cmake -E cmake_link_script CMakeFiles/cmTC_e0692.dir/link.txt --verbose=1
/usr/bin/cc      -rdynamic CMakeFiles/cmTC_e0692.dir/CheckSymbolExists.c.o  -o cmTC_e0692 
CMakeFiles/cmTC_e0692.dir/CheckSymbolExists.c.o: In function `main':
CheckSymbolExists.c:(.text+0x1b): undefined reference to `pthread_create'
collect2: error: ld returned 1 exit status
CMakeFiles/cmTC_e0692.dir/build.make:86: recipe for target 'cmTC_e0692' failed
make[1]: *** [cmTC_e0692] Error 1
make[1]: Leaving directory '/home/lucas/Documents/Semester project/HairSimulation/applet/cmake-build-debug/CMakeFiles/CMakeTmp'
Makefile:121: recipe for target 'cmTC_e0692/fast' failed
make: *** [cmTC_e0692/fast] Error 2

File /home/lucas/Documents/Semester project/HairSimulation/applet/cmake-build-debug/CMakeFiles/CMakeTmp/CheckSymbolExists.c:
/* */
#include <pthread.h>

int main(int argc, char** argv)
{
  (void)argv;
#ifndef pthread_create
  return ((int*)(&pthread_create))[argc];
#else
  (void)argc;
  return 0;
#endif
}

Determining if the function pthread_create exists in the pthreads failed with the following output:
Change Dir: /home/lucas/Documents/Semester project/HairSimulation/applet/cmake-build-debug/CMakeFiles/CMakeTmp

Run Build Command(s):/usr/bin/make cmTC_efa61/fast 
/usr/bin/make -f CMakeFiles/cmTC_efa61.dir/build.make CMakeFiles/cmTC_efa61.dir/build
make[1]: Entering directory '/home/lucas/Documents/Semester project/HairSimulation/applet/cmake-build-debug/CMakeFiles/CMakeTmp'
Building C object CMakeFiles/cmTC_efa61.dir/CheckFunctionExists.c.o
/usr/bin/cc   -DCHECK_FUNCTION_EXISTS=pthread_create   -o CMakeFiles/cmTC_efa61.dir/CheckFunctionExists.c.o   -c /home/lucas/.local/share/JetBrains/Toolbox/apps/CLion/ch-0/192.6603.37/bin/cmake/linux/share/cmake-3.14/Modules/CheckFunctionExists.c
Linking C executable cmTC_efa61
/home/lucas/.local/share/JetBrains/Toolbox/apps/CLion/ch-0/192.6603.37/bin/cmake/linux/bin/cmake -E cmake_link_script CMakeFiles/cmTC_efa61.dir/link.txt --verbose=1
/usr/bin/cc  -DCHECK_FUNCTION_EXISTS=pthread_create    -rdynamic CMakeFiles/cmTC_efa61.dir/CheckFunctionExists.c.o  -o cmTC_efa61 -lpthreads 
/usr/bin/ld: cannot find -lpthreads
collect2: error: ld returned 1 exit status
CMakeFiles/cmTC_efa61.dir/build.make:86: recipe for target 'cmTC_efa61' failed
make[1]: *** [cmTC_efa61] Error 1
make[1]: Leaving directory '/home/lucas/Documents/Semester project/HairSimulation/applet/cmake-build-debug/CMakeFiles/CMakeTmp'
Makefile:121: recipe for target 'cmTC_efa61/fast' failed
make: *** [cmTC_efa61/fast] Error 2


